{"D:\\ecommerce-platform\\services\\user-service\\src\\config\\database.js": {"path":"D:\\ecommerce-platform\\services\\user-service\\src\\config\\database.js","statementMap":{"0":{"start":{"line":1,"column":17},"end":{"line":1,"column":30}},"1":{"start":{"line":2,"column":0},"end":{"line":2,"column":27}},"2":{"start":{"line":8,"column":13},"end":{"line":17,"column":2}},"3":{"start":{"line":22,"column":0},"end":{"line":24,"column":3}},"4":{"start":{"line":23,"column":2},"end":{"line":23,"column":51}},"5":{"start":{"line":26,"column":0},"end":{"line":29,"column":3}},"6":{"start":{"line":27,"column":2},"end":{"line":27,"column":53}},"7":{"start":{"line":28,"column":2},"end":{"line":28,"column":19}},"8":{"start":{"line":35,"column":17},"end":{"line":35,"column":37}},"9":{"start":{"line":37,"column":2},"end":{"line":112,"column":3}},"10":{"start":{"line":39,"column":4},"end":{"line":39,"column":69}},"11":{"start":{"line":42,"column":4},"end":{"line":55,"column":7}},"12":{"start":{"line":58,"column":4},"end":{"line":71,"column":7}},"13":{"start":{"line":74,"column":4},"end":{"line":78,"column":7}},"14":{"start":{"line":81,"column":4},"end":{"line":89,"column":7}},"15":{"start":{"line":92,"column":4},"end":{"line":104,"column":7}},"16":{"start":{"line":106,"column":4},"end":{"line":106,"column":62}},"17":{"start":{"line":108,"column":4},"end":{"line":108,"column":61}},"18":{"start":{"line":109,"column":4},"end":{"line":109,"column":16}},"19":{"start":{"line":111,"column":4},"end":{"line":111,"column":21}},"20":{"start":{"line":115,"column":0},"end":{"line":118,"column":2}}},"fnMap":{"0":{"name":"(anonymous_0)","decl":{"start":{"line":22,"column":19},"end":{"line":22,"column":20}},"loc":{"start":{"line":22,"column":25},"end":{"line":24,"column":1}},"line":22},"1":{"name":"(anonymous_1)","decl":{"start":{"line":26,"column":17},"end":{"line":26,"column":18}},"loc":{"start":{"line":26,"column":26},"end":{"line":29,"column":1}},"line":26},"2":{"name":"initializeDatabase","decl":{"start":{"line":34,"column":15},"end":{"line":34,"column":33}},"loc":{"start":{"line":34,"column":36},"end":{"line":113,"column":1}},"line":34}},"branchMap":{},"s":{"0":1,"1":1,"2":1,"3":1,"4":1,"5":1,"6":0,"7":0,"8":0,"9":0,"10":0,"11":0,"12":0,"13":0,"14":0,"15":0,"16":0,"17":0,"18":0,"19":0,"20":1},"f":{"0":1,"1":0,"2":0},"b":{},"_coverageSchema":"1a1c01bbd47fc00a2c39e90264f33305004495a9","hash":"8dd84a115dd548770de28ccda17229a4ddcf75cc"}
,"D:\\ecommerce-platform\\services\\user-service\\src\\resolvers\\userResolvers.js": {"path":"D:\\ecommerce-platform\\services\\user-service\\src\\resolvers\\userResolvers.js","statementMap":{"0":{"start":{"line":1,"column":15},"end":{"line":1,"column":32}},"1":{"start":{"line":2,"column":12},"end":{"line":2,"column":35}},"2":{"start":{"line":3,"column":17},"end":{"line":3,"column":46}},"3":{"start":{"line":4,"column":44},"end":{"line":4,"column":74}},"4":{"start":{"line":10,"column":2},"end":{"line":17,"column":4}},"5":{"start":{"line":23,"column":22},"end":{"line":355,"column":1}},"6":{"start":{"line":29,"column":6},"end":{"line":31,"column":7}},"7":{"start":{"line":30,"column":8},"end":{"line":30,"column":45}},"8":{"start":{"line":33,"column":21},"end":{"line":36,"column":7}},"9":{"start":{"line":38,"column":6},"end":{"line":40,"column":7}},"10":{"start":{"line":39,"column":8},"end":{"line":39,"column":42}},"11":{"start":{"line":42,"column":6},"end":{"line":42,"column":28}},"12":{"start":{"line":49,"column":6},"end":{"line":51,"column":7}},"13":{"start":{"line":50,"column":8},"end":{"line":50,"column":45}},"14":{"start":{"line":53,"column":21},"end":{"line":56,"column":7}},"15":{"start":{"line":58,"column":6},"end":{"line":60,"column":7}},"16":{"start":{"line":59,"column":8},"end":{"line":59,"column":42}},"17":{"start":{"line":62,"column":6},"end":{"line":62,"column":28}},"18":{"start":{"line":69,"column":6},"end":{"line":71,"column":7}},"19":{"start":{"line":70,"column":8},"end":{"line":70,"column":45}},"20":{"start":{"line":73,"column":21},"end":{"line":76,"column":7}},"21":{"start":{"line":78,"column":6},"end":{"line":78,"column":25}},"22":{"start":{"line":87,"column":62},"end":{"line":87,"column":67}},"23":{"start":{"line":90,"column":6},"end":{"line":92,"column":7}},"24":{"start":{"line":91,"column":8},"end":{"line":91,"column":48}},"25":{"start":{"line":94,"column":6},"end":{"line":96,"column":7}},"26":{"start":{"line":95,"column":8},"end":{"line":95,"column":117}},"27":{"start":{"line":99,"column":27},"end":{"line":102,"column":7}},"28":{"start":{"line":104,"column":6},"end":{"line":106,"column":7}},"29":{"start":{"line":105,"column":8},"end":{"line":105,"column":52}},"30":{"start":{"line":109,"column":25},"end":{"line":109,"column":27}},"31":{"start":{"line":110,"column":27},"end":{"line":110,"column":66}},"32":{"start":{"line":113,"column":21},"end":{"line":118,"column":7}},"33":{"start":{"line":120,"column":22},"end":{"line":120,"column":36}},"34":{"start":{"line":123,"column":20},"end":{"line":123,"column":42}},"35":{"start":{"line":125,"column":6},"end":{"line":128,"column":8}},"36":{"start":{"line":135,"column":34},"end":{"line":135,"column":39}},"37":{"start":{"line":138,"column":21},"end":{"line":141,"column":7}},"38":{"start":{"line":143,"column":6},"end":{"line":145,"column":7}},"39":{"start":{"line":144,"column":8},"end":{"line":144,"column":53}},"40":{"start":{"line":147,"column":19},"end":{"line":147,"column":33}},"41":{"start":{"line":150,"column":28},"end":{"line":150,"column":78}},"42":{"start":{"line":152,"column":6},"end":{"line":154,"column":7}},"43":{"start":{"line":153,"column":8},"end":{"line":153,"column":53}},"44":{"start":{"line":157,"column":20},"end":{"line":157,"column":39}},"45":{"start":{"line":159,"column":6},"end":{"line":162,"column":8}},"46":{"start":{"line":169,"column":6},"end":{"line":171,"column":7}},"47":{"start":{"line":170,"column":8},"end":{"line":170,"column":45}},"48":{"start":{"line":173,"column":45},"end":{"line":173,"column":50}},"49":{"start":{"line":175,"column":22},"end":{"line":175,"column":24}},"50":{"start":{"line":176,"column":21},"end":{"line":176,"column":23}},"51":{"start":{"line":177,"column":23},"end":{"line":177,"column":24}},"52":{"start":{"line":179,"column":6},"end":{"line":182,"column":7}},"53":{"start":{"line":180,"column":8},"end":{"line":180,"column":54}},"54":{"start":{"line":181,"column":8},"end":{"line":181,"column":31}},"55":{"start":{"line":184,"column":6},"end":{"line":187,"column":7}},"56":{"start":{"line":185,"column":8},"end":{"line":185,"column":53}},"57":{"start":{"line":186,"column":8},"end":{"line":186,"column":30}},"58":{"start":{"line":189,"column":6},"end":{"line":192,"column":7}},"59":{"start":{"line":190,"column":8},"end":{"line":190,"column":49}},"60":{"start":{"line":191,"column":8},"end":{"line":191,"column":27}},"61":{"start":{"line":194,"column":6},"end":{"line":196,"column":7}},"62":{"start":{"line":195,"column":8},"end":{"line":195,"column":47}},"63":{"start":{"line":198,"column":6},"end":{"line":198,"column":27}},"64":{"start":{"line":200,"column":21},"end":{"line":206,"column":7}},"65":{"start":{"line":208,"column":6},"end":{"line":208,"column":28}},"66":{"start":{"line":215,"column":6},"end":{"line":217,"column":7}},"67":{"start":{"line":216,"column":8},"end":{"line":216,"column":45}},"68":{"start":{"line":219,"column":70},"end":{"line":219,"column":75}},"69":{"start":{"line":222,"column":6},"end":{"line":227,"column":7}},"70":{"start":{"line":223,"column":8},"end":{"line":226,"column":10}},"71":{"start":{"line":229,"column":21},"end":{"line":234,"column":7}},"72":{"start":{"line":236,"column":6},"end":{"line":236,"column":28}},"73":{"start":{"line":243,"column":6},"end":{"line":245,"column":7}},"74":{"start":{"line":244,"column":8},"end":{"line":244,"column":45}},"75":{"start":{"line":248,"column":30},"end":{"line":251,"column":7}},"76":{"start":{"line":253,"column":6},"end":{"line":255,"column":7}},"77":{"start":{"line":254,"column":8},"end":{"line":254,"column":45}},"78":{"start":{"line":257,"column":70},"end":{"line":257,"column":75}},"79":{"start":{"line":260,"column":6},"end":{"line":265,"column":7}},"80":{"start":{"line":261,"column":8},"end":{"line":264,"column":10}},"81":{"start":{"line":267,"column":21},"end":{"line":273,"column":7}},"82":{"start":{"line":275,"column":6},"end":{"line":275,"column":28}},"83":{"start":{"line":282,"column":6},"end":{"line":284,"column":7}},"84":{"start":{"line":283,"column":8},"end":{"line":283,"column":45}},"85":{"start":{"line":286,"column":21},"end":{"line":289,"column":7}},"86":{"start":{"line":291,"column":6},"end":{"line":291,"column":36}},"87":{"start":{"line":298,"column":6},"end":{"line":300,"column":7}},"88":{"start":{"line":299,"column":8},"end":{"line":299,"column":45}},"89":{"start":{"line":303,"column":6},"end":{"line":306,"column":8}},"90":{"start":{"line":309,"column":21},"end":{"line":314,"column":7}},"91":{"start":{"line":316,"column":6},"end":{"line":318,"column":7}},"92":{"start":{"line":317,"column":8},"end":{"line":317,"column":45}},"93":{"start":{"line":320,"column":6},"end":{"line":320,"column":28}},"94":{"start":{"line":330,"column":21},"end":{"line":333,"column":7}},"95":{"start":{"line":335,"column":6},"end":{"line":335,"column":36}},"96":{"start":{"line":339,"column":21},"end":{"line":342,"column":7}},"97":{"start":{"line":344,"column":6},"end":{"line":344,"column":25}},"98":{"start":{"line":349,"column":24},"end":{"line":349,"column":38}},"99":{"start":{"line":350,"column":28},"end":{"line":350,"column":46}},"100":{"start":{"line":351,"column":27},"end":{"line":351,"column":44}},"101":{"start":{"line":352,"column":27},"end":{"line":352,"column":44}},"102":{"start":{"line":353,"column":27},"end":{"line":353,"column":44}},"103":{"start":{"line":357,"column":0},"end":{"line":357,"column":31}}},"fnMap":{"0":{"name":"generateToken","decl":{"start":{"line":9,"column":9},"end":{"line":9,"column":22}},"loc":{"start":{"line":9,"column":29},"end":{"line":18,"column":1}},"line":9},"1":{"name":"(anonymous_1)","decl":{"start":{"line":28,"column":8},"end":{"line":28,"column":9}},"loc":{"start":{"line":28,"column":35},"end":{"line":43,"column":5}},"line":28},"2":{"name":"(anonymous_2)","decl":{"start":{"line":48,"column":10},"end":{"line":48,"column":11}},"loc":{"start":{"line":48,"column":41},"end":{"line":63,"column":5}},"line":48},"3":{"name":"(anonymous_3)","decl":{"start":{"line":68,"column":11},"end":{"line":68,"column":12}},"loc":{"start":{"line":68,"column":53},"end":{"line":79,"column":5}},"line":68},"4":{"name":"(anonymous_4)","decl":{"start":{"line":86,"column":14},"end":{"line":86,"column":15}},"loc":{"start":{"line":86,"column":38},"end":{"line":129,"column":5}},"line":86},"5":{"name":"(anonymous_5)","decl":{"start":{"line":134,"column":11},"end":{"line":134,"column":12}},"loc":{"start":{"line":134,"column":35},"end":{"line":163,"column":5}},"line":134},"6":{"name":"(anonymous_6)","decl":{"start":{"line":168,"column":19},"end":{"line":168,"column":20}},"loc":{"start":{"line":168,"column":53},"end":{"line":209,"column":5}},"line":168},"7":{"name":"(anonymous_7)","decl":{"start":{"line":214,"column":16},"end":{"line":214,"column":17}},"loc":{"start":{"line":214,"column":50},"end":{"line":237,"column":5}},"line":214},"8":{"name":"(anonymous_8)","decl":{"start":{"line":242,"column":19},"end":{"line":242,"column":20}},"loc":{"start":{"line":242,"column":57},"end":{"line":276,"column":5}},"line":242},"9":{"name":"(anonymous_9)","decl":{"start":{"line":281,"column":19},"end":{"line":281,"column":20}},"loc":{"start":{"line":281,"column":50},"end":{"line":292,"column":5}},"line":281},"10":{"name":"(anonymous_10)","decl":{"start":{"line":297,"column":23},"end":{"line":297,"column":24}},"loc":{"start":{"line":297,"column":54},"end":{"line":321,"column":5}},"line":297},"11":{"name":"(anonymous_11)","decl":{"start":{"line":329,"column":24},"end":{"line":329,"column":25}},"loc":{"start":{"line":329,"column":45},"end":{"line":336,"column":5}},"line":329},"12":{"name":"(anonymous_12)","decl":{"start":{"line":338,"column":15},"end":{"line":338,"column":16}},"loc":{"start":{"line":338,"column":33},"end":{"line":345,"column":5}},"line":338},"13":{"name":"(anonymous_13)","decl":{"start":{"line":349,"column":12},"end":{"line":349,"column":13}},"loc":{"start":{"line":349,"column":24},"end":{"line":349,"column":38}},"line":349},"14":{"name":"(anonymous_14)","decl":{"start":{"line":350,"column":16},"end":{"line":350,"column":17}},"loc":{"start":{"line":350,"column":28},"end":{"line":350,"column":46}},"line":350},"15":{"name":"(anonymous_15)","decl":{"start":{"line":351,"column":15},"end":{"line":351,"column":16}},"loc":{"start":{"line":351,"column":27},"end":{"line":351,"column":44}},"line":351},"16":{"name":"(anonymous_16)","decl":{"start":{"line":352,"column":15},"end":{"line":352,"column":16}},"loc":{"start":{"line":352,"column":27},"end":{"line":352,"column":44}},"line":352},"17":{"name":"(anonymous_17)","decl":{"start":{"line":353,"column":15},"end":{"line":353,"column":16}},"loc":{"start":{"line":353,"column":27},"end":{"line":353,"column":44}},"line":353}},"branchMap":{"0":{"loc":{"start":{"line":29,"column":6},"end":{"line":31,"column":7}},"type":"if","locations":[{"start":{"line":29,"column":6},"end":{"line":31,"column":7}},{"start":{},"end":{}}],"line":29},"1":{"loc":{"start":{"line":38,"column":6},"end":{"line":40,"column":7}},"type":"if","locations":[{"start":{"line":38,"column":6},"end":{"line":40,"column":7}},{"start":{},"end":{}}],"line":38},"2":{"loc":{"start":{"line":49,"column":6},"end":{"line":51,"column":7}},"type":"if","locations":[{"start":{"line":49,"column":6},"end":{"line":51,"column":7}},{"start":{},"end":{}}],"line":49},"3":{"loc":{"start":{"line":58,"column":6},"end":{"line":60,"column":7}},"type":"if","locations":[{"start":{"line":58,"column":6},"end":{"line":60,"column":7}},{"start":{},"end":{}}],"line":58},"4":{"loc":{"start":{"line":69,"column":6},"end":{"line":71,"column":7}},"type":"if","locations":[{"start":{"line":69,"column":6},"end":{"line":71,"column":7}},{"start":{},"end":{}}],"line":69},"5":{"loc":{"start":{"line":90,"column":6},"end":{"line":92,"column":7}},"type":"if","locations":[{"start":{"line":90,"column":6},"end":{"line":92,"column":7}},{"start":{},"end":{}}],"line":90},"6":{"loc":{"start":{"line":94,"column":6},"end":{"line":96,"column":7}},"type":"if","locations":[{"start":{"line":94,"column":6},"end":{"line":96,"column":7}},{"start":{},"end":{}}],"line":94},"7":{"loc":{"start":{"line":104,"column":6},"end":{"line":106,"column":7}},"type":"if","locations":[{"start":{"line":104,"column":6},"end":{"line":106,"column":7}},{"start":{},"end":{}}],"line":104},"8":{"loc":{"start":{"line":143,"column":6},"end":{"line":145,"column":7}},"type":"if","locations":[{"start":{"line":143,"column":6},"end":{"line":145,"column":7}},{"start":{},"end":{}}],"line":143},"9":{"loc":{"start":{"line":152,"column":6},"end":{"line":154,"column":7}},"type":"if","locations":[{"start":{"line":152,"column":6},"end":{"line":154,"column":7}},{"start":{},"end":{}}],"line":152},"10":{"loc":{"start":{"line":169,"column":6},"end":{"line":171,"column":7}},"type":"if","locations":[{"start":{"line":169,"column":6},"end":{"line":171,"column":7}},{"start":{},"end":{}}],"line":169},"11":{"loc":{"start":{"line":179,"column":6},"end":{"line":182,"column":7}},"type":"if","locations":[{"start":{"line":179,"column":6},"end":{"line":182,"column":7}},{"start":{},"end":{}}],"line":179},"12":{"loc":{"start":{"line":184,"column":6},"end":{"line":187,"column":7}},"type":"if","locations":[{"start":{"line":184,"column":6},"end":{"line":187,"column":7}},{"start":{},"end":{}}],"line":184},"13":{"loc":{"start":{"line":189,"column":6},"end":{"line":192,"column":7}},"type":"if","locations":[{"start":{"line":189,"column":6},"end":{"line":192,"column":7}},{"start":{},"end":{}}],"line":189},"14":{"loc":{"start":{"line":194,"column":6},"end":{"line":196,"column":7}},"type":"if","locations":[{"start":{"line":194,"column":6},"end":{"line":196,"column":7}},{"start":{},"end":{}}],"line":194},"15":{"loc":{"start":{"line":215,"column":6},"end":{"line":217,"column":7}},"type":"if","locations":[{"start":{"line":215,"column":6},"end":{"line":217,"column":7}},{"start":{},"end":{}}],"line":215},"16":{"loc":{"start":{"line":222,"column":6},"end":{"line":227,"column":7}},"type":"if","locations":[{"start":{"line":222,"column":6},"end":{"line":227,"column":7}},{"start":{},"end":{}}],"line":222},"17":{"loc":{"start":{"line":233,"column":60},"end":{"line":233,"column":78}},"type":"binary-expr","locations":[{"start":{"line":233,"column":60},"end":{"line":233,"column":69}},{"start":{"line":233,"column":73},"end":{"line":233,"column":78}}],"line":233},"18":{"loc":{"start":{"line":243,"column":6},"end":{"line":245,"column":7}},"type":"if","locations":[{"start":{"line":243,"column":6},"end":{"line":245,"column":7}},{"start":{},"end":{}}],"line":243},"19":{"loc":{"start":{"line":253,"column":6},"end":{"line":255,"column":7}},"type":"if","locations":[{"start":{"line":253,"column":6},"end":{"line":255,"column":7}},{"start":{},"end":{}}],"line":253},"20":{"loc":{"start":{"line":260,"column":6},"end":{"line":265,"column":7}},"type":"if","locations":[{"start":{"line":260,"column":6},"end":{"line":265,"column":7}},{"start":{},"end":{}}],"line":260},"21":{"loc":{"start":{"line":272,"column":51},"end":{"line":272,"column":69}},"type":"binary-expr","locations":[{"start":{"line":272,"column":51},"end":{"line":272,"column":60}},{"start":{"line":272,"column":64},"end":{"line":272,"column":69}}],"line":272},"22":{"loc":{"start":{"line":282,"column":6},"end":{"line":284,"column":7}},"type":"if","locations":[{"start":{"line":282,"column":6},"end":{"line":284,"column":7}},{"start":{},"end":{}}],"line":282},"23":{"loc":{"start":{"line":298,"column":6},"end":{"line":300,"column":7}},"type":"if","locations":[{"start":{"line":298,"column":6},"end":{"line":300,"column":7}},{"start":{},"end":{}}],"line":298},"24":{"loc":{"start":{"line":316,"column":6},"end":{"line":318,"column":7}},"type":"if","locations":[{"start":{"line":316,"column":6},"end":{"line":318,"column":7}},{"start":{},"end":{}}],"line":316},"25":{"loc":{"start":{"line":335,"column":13},"end":{"line":335,"column":35}},"type":"binary-expr","locations":[{"start":{"line":335,"column":13},"end":{"line":335,"column":27}},{"start":{"line":335,"column":31},"end":{"line":335,"column":35}}],"line":335}},"s":{"0":1,"1":1,"2":1,"3":1,"4":3,"5":1,"6":2,"7":1,"8":1,"9":1,"10":0,"11":1,"12":0,"13":0,"14":0,"15":0,"16":0,"17":0,"18":0,"19":0,"20":0,"21":0,"22":4,"23":4,"24":0,"25":4,"26":1,"27":3,"28":3,"29":1,"30":2,"31":2,"32":2,"33":2,"34":2,"35":2,"36":3,"37":3,"38":3,"39":1,"40":2,"41":2,"42":2,"43":1,"44":1,"45":1,"46":0,"47":0,"48":0,"49":0,"50":0,"51":0,"52":0,"53":0,"54":0,"55":0,"56":0,"57":0,"58":0,"59":0,"60":0,"61":0,"62":0,"63":0,"64":0,"65":0,"66":1,"67":0,"68":1,"69":1,"70":1,"71":1,"72":1,"73":1,"74":0,"75":1,"76":1,"77":0,"78":1,"79":1,"80":0,"81":1,"82":1,"83":1,"84":0,"85":1,"86":1,"87":0,"88":0,"89":0,"90":0,"91":0,"92":0,"93":0,"94":0,"95":0,"96":0,"97":0,"98":0,"99":0,"100":1,"101":0,"102":0,"103":1},"f":{"0":3,"1":2,"2":0,"3":0,"4":4,"5":3,"6":0,"7":1,"8":1,"9":1,"10":0,"11":0,"12":0,"13":0,"14":0,"15":1,"16":0,"17":0},"b":{"0":[1,1],"1":[0,1],"2":[0,0],"3":[0,0],"4":[0,0],"5":[0,4],"6":[1,3],"7":[1,2],"8":[1,2],"9":[1,1],"10":[0,0],"11":[0,0],"12":[0,0],"13":[0,0],"14":[0,0],"15":[0,1],"16":[1,0],"17":[1,0],"18":[0,1],"19":[0,1],"20":[0,1],"21":[1,1],"22":[0,1],"23":[0,0],"24":[0,0],"25":[0,0]},"_coverageSchema":"1a1c01bbd47fc00a2c39e90264f33305004495a9","hash":"e08f841d77cbf1e4e52a7e875fb6610f7600480c"}
,"D:\\ecommerce-platform\\services\\user-service\\src\\schema\\typeDefs.js": {"path":"D:\\ecommerce-platform\\services\\user-service\\src\\schema\\typeDefs.js","statementMap":{"0":{"start":{"line":1,"column":16},"end":{"line":1,"column":38}},"1":{"start":{"line":3,"column":17},"end":{"line":100,"column":1}},"2":{"start":{"line":102,"column":0},"end":{"line":102,"column":26}}},"fnMap":{},"branchMap":{},"s":{"0":1,"1":1,"2":1},"f":{},"b":{},"_coverageSchema":"1a1c01bbd47fc00a2c39e90264f33305004495a9","hash":"a3db006b5e70c15b159206993319e13dea72073e"}
,"D:\\ecommerce-platform\\services\\user-service\\src\\utils\\validators.js": {"path":"D:\\ecommerce-platform\\services\\user-service\\src\\utils\\validators.js","statementMap":{"0":{"start":{"line":5,"column":21},"end":{"line":5,"column":49}},"1":{"start":{"line":6,"column":2},"end":{"line":6,"column":32}},"2":{"start":{"line":14,"column":2},"end":{"line":14,"column":40}},"3":{"start":{"line":14,"column":27},"end":{"line":14,"column":40}},"4":{"start":{"line":16,"column":23},"end":{"line":16,"column":45}},"5":{"start":{"line":17,"column":23},"end":{"line":17,"column":45}},"6":{"start":{"line":18,"column":20},"end":{"line":18,"column":39}},"7":{"start":{"line":20,"column":2},"end":{"line":20,"column":51}},"8":{"start":{"line":23,"column":0},"end":{"line":26,"column":2}}},"fnMap":{"0":{"name":"validateEmail","decl":{"start":{"line":4,"column":9},"end":{"line":4,"column":22}},"loc":{"start":{"line":4,"column":30},"end":{"line":7,"column":1}},"line":4},"1":{"name":"validatePassword","decl":{"start":{"line":13,"column":9},"end":{"line":13,"column":25}},"loc":{"start":{"line":13,"column":36},"end":{"line":21,"column":1}},"line":13}},"branchMap":{"0":{"loc":{"start":{"line":14,"column":2},"end":{"line":14,"column":40}},"type":"if","locations":[{"start":{"line":14,"column":2},"end":{"line":14,"column":40}},{"start":{},"end":{}}],"line":14},"1":{"loc":{"start":{"line":20,"column":9},"end":{"line":20,"column":50}},"type":"binary-expr","locations":[{"start":{"line":20,"column":9},"end":{"line":20,"column":21}},{"start":{"line":20,"column":25},"end":{"line":20,"column":37}},{"start":{"line":20,"column":41},"end":{"line":20,"column":50}}],"line":20}},"s":{"0":4,"1":4,"2":4,"3":1,"4":3,"5":3,"6":3,"7":3,"8":1},"f":{"0":4,"1":4},"b":{"0":[1,3],"1":[3,3,3]},"_coverageSchema":"1a1c01bbd47fc00a2c39e90264f33305004495a9","hash":"8844713c3a585f557c54bc9a60ebf73847a0f560"}
}
