TN:
SF:src\config\database.js
FN:22,(anonymous_0)
FN:26,(anonymous_1)
FN:34,initializeDatabase
FNF:3
FNH:1
FNDA:1,(anonymous_0)
FNDA:0,(anonymous_1)
FNDA:0,initializeDatabase
DA:1,1
DA:2,1
DA:8,1
DA:22,1
DA:23,1
DA:26,1
DA:27,0
DA:28,0
DA:35,0
DA:37,0
DA:39,0
DA:42,0
DA:58,0
DA:74,0
DA:81,0
DA:92,0
DA:106,0
DA:108,0
DA:109,0
DA:111,0
DA:115,1
LF:21
LH:7
BRF:0
BRH:0
end_of_record
TN:
SF:src\resolvers\userResolvers.js
FN:9,generateToken
FN:28,(anonymous_1)
FN:48,(anonymous_2)
FN:68,(anonymous_3)
FN:86,(anonymous_4)
FN:134,(anonymous_5)
FN:168,(anonymous_6)
FN:214,(anonymous_7)
FN:242,(anonymous_8)
FN:281,(anonymous_9)
FN:297,(anonymous_10)
FN:329,(anonymous_11)
FN:338,(anonymous_12)
FN:349,(anonymous_13)
FN:350,(anonymous_14)
FN:351,(anonymous_15)
FN:352,(anonymous_16)
FN:353,(anonymous_17)
FNF:18
FNH:8
FNDA:3,generateToken
FNDA:2,(anonymous_1)
FNDA:0,(anonymous_2)
FNDA:0,(anonymous_3)
FNDA:4,(anonymous_4)
FNDA:3,(anonymous_5)
FNDA:0,(anonymous_6)
FNDA:1,(anonymous_7)
FNDA:1,(anonymous_8)
FNDA:1,(anonymous_9)
FNDA:0,(anonymous_10)
FNDA:0,(anonymous_11)
FNDA:0,(anonymous_12)
FNDA:0,(anonymous_13)
FNDA:0,(anonymous_14)
FNDA:1,(anonymous_15)
FNDA:0,(anonymous_16)
FNDA:0,(anonymous_17)
DA:1,1
DA:2,1
DA:3,1
DA:4,1
DA:10,3
DA:23,1
DA:29,2
DA:30,1
DA:33,1
DA:38,1
DA:39,0
DA:42,1
DA:49,0
DA:50,0
DA:53,0
DA:58,0
DA:59,0
DA:62,0
DA:69,0
DA:70,0
DA:73,0
DA:78,0
DA:87,4
DA:90,4
DA:91,0
DA:94,4
DA:95,1
DA:99,3
DA:104,3
DA:105,1
DA:109,2
DA:110,2
DA:113,2
DA:120,2
DA:123,2
DA:125,2
DA:135,3
DA:138,3
DA:143,3
DA:144,1
DA:147,2
DA:150,2
DA:152,2
DA:153,1
DA:157,1
DA:159,1
DA:169,0
DA:170,0
DA:173,0
DA:175,0
DA:176,0
DA:177,0
DA:179,0
DA:180,0
DA:181,0
DA:184,0
DA:185,0
DA:186,0
DA:189,0
DA:190,0
DA:191,0
DA:194,0
DA:195,0
DA:198,0
DA:200,0
DA:208,0
DA:215,1
DA:216,0
DA:219,1
DA:222,1
DA:223,1
DA:229,1
DA:236,1
DA:243,1
DA:244,0
DA:248,1
DA:253,1
DA:254,0
DA:257,1
DA:260,1
DA:261,0
DA:267,1
DA:275,1
DA:282,1
DA:283,0
DA:286,1
DA:291,1
DA:298,0
DA:299,0
DA:303,0
DA:309,0
DA:316,0
DA:317,0
DA:320,0
DA:330,0
DA:335,0
DA:339,0
DA:344,0
DA:349,0
DA:350,0
DA:351,1
DA:352,0
DA:353,0
DA:357,1
LF:104
LH:52
BRDA:29,0,0,1
BRDA:29,0,1,1
BRDA:38,1,0,0
BRDA:38,1,1,1
BRDA:49,2,0,0
BRDA:49,2,1,0
BRDA:58,3,0,0
BRDA:58,3,1,0
BRDA:69,4,0,0
BRDA:69,4,1,0
BRDA:90,5,0,0
BRDA:90,5,1,4
BRDA:94,6,0,1
BRDA:94,6,1,3
BRDA:104,7,0,1
BRDA:104,7,1,2
BRDA:143,8,0,1
BRDA:143,8,1,2
BRDA:152,9,0,1
BRDA:152,9,1,1
BRDA:169,10,0,0
BRDA:169,10,1,0
BRDA:179,11,0,0
BRDA:179,11,1,0
BRDA:184,12,0,0
BRDA:184,12,1,0
BRDA:189,13,0,0
BRDA:189,13,1,0
BRDA:194,14,0,0
BRDA:194,14,1,0
BRDA:215,15,0,0
BRDA:215,15,1,1
BRDA:222,16,0,1
BRDA:222,16,1,0
BRDA:233,17,0,1
BRDA:233,17,1,0
BRDA:243,18,0,0
BRDA:243,18,1,1
BRDA:253,19,0,0
BRDA:253,19,1,1
BRDA:260,20,0,0
BRDA:260,20,1,1
BRDA:272,21,0,1
BRDA:272,21,1,1
BRDA:282,22,0,0
BRDA:282,22,1,1
BRDA:298,23,0,0
BRDA:298,23,1,0
BRDA:316,24,0,0
BRDA:316,24,1,0
BRDA:335,25,0,0
BRDA:335,25,1,0
BRF:52
BRH:21
end_of_record
TN:
SF:src\schema\typeDefs.js
FNF:0
FNH:0
DA:1,1
DA:3,1
DA:102,1
LF:3
LH:3
BRF:0
BRH:0
end_of_record
TN:
SF:src\utils\validators.js
FN:4,validateEmail
FN:13,validatePassword
FNF:2
FNH:2
FNDA:4,validateEmail
FNDA:4,validatePassword
DA:5,4
DA:6,4
DA:14,4
DA:16,3
DA:17,3
DA:18,3
DA:20,3
DA:23,1
LF:8
LH:8
BRDA:14,0,0,1
BRDA:14,0,1,3
BRDA:20,1,0,3
BRDA:20,1,1,3
BRDA:20,1,2,3
BRF:5
BRH:5
end_of_record
